<?xml version="1.0" encoding="UTF-8"?>
<!-- Generated by org.testng.reporters.JUnitReportReporter -->
<testsuite hostname="LAPTOP-UL4VISUC" failures="0" tests="1" name="ABCD1.TC02_Login2" time="20.017" errors="0" timestamp="2024-05-30T16:20:25 IST" skipped="0">
  <testcase classname="ABCD1.TC02_Login2" name="Login" time="20.017"/>
</testsuite> <!-- ABCD1.TC02_Login2 -->
