<?xml version="1.0" encoding="UTF-8"?>
<!-- Generated by org.testng.reporters.JUnitReportReporter -->
<testsuite hostname="LAPTOP-UL4VISUC" failures="0" tests="1" name="ABCD3.TC01_Skills_Add" time="24.641" errors="0" timestamp="2024-05-30T16:18:32 IST" skipped="0">
  <testcase classname="ABCD3.TC01_Skills_Add" name="LoginTest" time="24.641"/>
</testsuite> <!-- ABCD3.TC01_Skills_Add -->
