<?xml version="1.0" encoding="UTF-8"?>
<!-- Generated by org.testng.reporters.JUnitReportReporter -->
<testsuite hostname="LAPTOP-UL4VISUC" failures="0" tests="1" name="Parameters.TC01_Jobs_Add2" time="25.269" errors="0" timestamp="2024-05-31T14:32:54 IST" skipped="0">
  <testcase classname="Parameters.TC01_Jobs_Add2" name="AddJobs1" time="25.269"/>
</testsuite> <!-- Parameters.TC01_Jobs_Add2 -->
