<?xml version="1.0" encoding="UTF-8"?>
<!-- Generated by org.testng.reporters.JUnitReportReporter -->
<testsuite hostname="LAPTOP-UL4VISUC" failures="0" tests="2" name="ABCD3.TC01_Jobs_Add1" time="64.154" errors="0" timestamp="2024-06-05T16:30:19 IST" skipped="0">
  <testcase classname="ABCD3.TC01_Jobs_Add1" name="AddJobs2" time="35.975"/>
  <testcase classname="ABCD3.TC01_Jobs_Add1" name="AddJobs1" time="28.179"/>
</testsuite> <!-- ABCD3.TC01_Jobs_Add1 -->
