<?xml version="1.0" encoding="UTF-8"?>
<!-- Generated by org.testng.reporters.JUnitReportReporter -->
<testsuite hostname="LAPTOP-UL4VISUC" failures="0" tests="1" name="ABCD4_May21_2024.TC06_cssSelector" time="20.058" errors="0" timestamp="2024-06-08T13:03:55 IST" skipped="0">
  <testcase classname="ABCD4_May21_2024.TC06_cssSelector" name="Test2" time="20.058"/>
</testsuite> <!-- ABCD4_May21_2024.TC06_cssSelector -->
